Exception: Not fount file - phone! in /home/timur/www/telegram-mailing-list/src/app/Controllers/Controller.php:19
Stack trace:
#0 /home/timur/www/telegram-mailing-list/src/app/Controllers/MailingMessagesController.php(24): App\Controllers\Controller->initSessionList()
#1 /home/timur/www/telegram-mailing-list/src/app/Controllers/MailingMessagesController.php(16): App\Controllers\MailingMessagesController->__construct()
#2 /home/timur/www/telegram-mailing-list/index.php(8): App\Controllers\MailingMessagesController::start()
#3 {main}
Exception: Not fount file - phone! in /home/timur/www/telegram-mailing-list/src/app/Controllers/Controller.php:19
Stack trace:
#0 /home/timur/www/telegram-mailing-list/src/app/Controllers/MailingMessagesController.php(24): App\Controllers\Controller->initSessionList()
#1 /home/timur/www/telegram-mailing-list/src/app/Controllers/MailingMessagesController.php(16): App\Controllers\MailingMessagesController->__construct()
#2 /home/timur/www/telegram-mailing-list/index.php(8): App\Controllers\MailingMessagesController::start()
#3 {main}
Exception: Not fount file - phone! in /home/timur/www/telegram-mailing-list/src/app/Controllers/Controller.php:19
Stack trace:
#0 /home/timur/www/telegram-mailing-list/src/app/Controllers/MailingMessagesController.php(24): App\Controllers\Controller->initSessionList()
#1 /home/timur/www/telegram-mailing-list/src/app/Controllers/MailingMessagesController.php(16): App\Controllers\MailingMessagesController->__construct()
#2 /home/timur/www/telegram-mailing-list/index.php(8): App\Controllers\MailingMessagesController::start()
#3 {main}
Exception: Not fount file - phone! in /home/timur/www/telegram-mailing-list/src/app/Controllers/Controller.php:19
Stack trace:
#0 /home/timur/www/telegram-mailing-list/src/app/Controllers/MailingMessagesController.php(24): App\Controllers\Controller->initSessionList()
#1 /home/timur/www/telegram-mailing-list/src/app/Controllers/MailingMessagesController.php(16): App\Controllers\MailingMessagesController->__construct()
#2 /home/timur/www/telegram-mailing-list/index.php(8): App\Controllers\MailingMessagesController::start()
#3 {main}
Exception: Not fount file - phone! in /home/timur/www/telegram-mailing-list/src/app/Controllers/Controller.php:19
Stack trace:
#0 /home/timur/www/telegram-mailing-list/src/app/Controllers/MailingMessagesController.php(24): App\Controllers\Controller->initSessionList()
#1 /home/timur/www/telegram-mailing-list/src/app/Controllers/MailingMessagesController.php(16): App\Controllers\MailingMessagesController->__construct()
#2 /home/timur/www/telegram-mailing-list/index.php(8): App\Controllers\MailingMessagesController::start()
#3 {main}
Exception: Not fount file - phone! in /home/timur/www/telegram-mailing-list/src/app/Controllers/Controller.php:19
Stack trace:
#0 /home/timur/www/telegram-mailing-list/src/app/Controllers/MailingMessagesController.php(24): App\Controllers\Controller->initSessionList()
#1 /home/timur/www/telegram-mailing-list/src/app/Controllers/MailingMessagesController.php(16): App\Controllers\MailingMessagesController->__construct()
#2 /home/timur/www/telegram-mailing-list/index.php(8): App\Controllers\MailingMessagesController::start()
#3 {main}
Exception: Not fount file - phone! in /home/timur/www/telegram-mailing-list/src/app/Controllers/Controller.php:19
Stack trace:
#0 /home/timur/www/telegram-mailing-list/src/app/Controllers/MailingMessagesController.php(27): App\Controllers\Controller->initSessionList()
#1 /home/timur/www/telegram-mailing-list/src/app/Controllers/MailingMessagesController.php(19): App\Controllers\MailingMessagesController->__construct()
#2 /home/timur/www/telegram-mailing-list/index.php(6): App\Controllers\MailingMessagesController::start()
#3 {main}
Exception: Not fount file - phone! in /home/timur/www/telegram-mailing-list/src/app/Controllers/Controller.php:19
Stack trace:
#0 /home/timur/www/telegram-mailing-list/src/app/Controllers/MailingMessagesController.php(27): App\Controllers\Controller->initSessionList()
#1 /home/timur/www/telegram-mailing-list/src/app/Controllers/MailingMessagesController.php(19): App\Controllers\MailingMessagesController->__construct()
#2 /home/timur/www/telegram-mailing-list/index.php(6): App\Controllers\MailingMessagesController::start()
#3 {main}
Exception: Not fount file - users! in /home/timur/www/telegram-mailing-list/src/app/Helpers/WorkingFileHelper.php:28
Stack trace:
#0 /home/timur/www/telegram-mailing-list/src/app/Controllers/MailingMessagesController.php(28): App\Helpers\WorkingFileHelper::initUsersList()
#1 /home/timur/www/telegram-mailing-list/src/app/Controllers/MailingMessagesController.php(20): App\Controllers\MailingMessagesController->__construct()
#2 /home/timur/www/telegram-mailing-list/index.php(6): App\Controllers\MailingMessagesController::start()
#3 {main}
Exception: Not fount file - phone! in /home/timur/www/telegram-mailing-list/src/app/Helpers/WorkingFileHelper.php:15
Stack trace:
#0 /home/timur/www/telegram-mailing-list/src/app/Controllers/MailingMessagesController.php(28): App\Helpers\WorkingFileHelper::initSessionList()
#1 /home/timur/www/telegram-mailing-list/src/app/Controllers/MailingMessagesController.php(20): App\Controllers\MailingMessagesController->__construct()
#2 /home/timur/www/telegram-mailing-list/index.php(6): App\Controllers\MailingMessagesController::start()
#3 {main}
Telegram returned an RPC error: The provided username is not valid (400) (USERNAME_INVALID), caused by /home/timur/www/telegram-mailing-list/vendor/danog/madelineproto/src/danog/MadelineProto/Ipc/ExitFailure.php:55


TL trace:

Client.php(249):    	__call("methodCallAsyncRead",["messages.sendMessage",{"peer":"@hitThat1231231\u0432\u0444\u044b\u0432\u0444\u044b\u0432\u0447\u0444\u044b\u0448\u0432\u043e9123\u04339\u0433\u043e\u0444\u044b\u0432\u0433\u0448\u0432\u0440\u043e\u0444\u044b\u0433\u0448\u0432","message":"hello"},{"apifactory":true}])
AbstractAPIFactory.php(195):	methodCallAsyncRead("messages.sendMessage",{"peer":"@hitThat1231231\u0432\u0444\u044b\u0432\u0444\u044b\u0432\u0447\u0444\u044b\u0448\u0432\u043e9123\u04339\u0433\u043e\u0444\u044b\u0432\u0433\u0448\u0432\u0440\u043e\u0444\u044b\u0433\u0448\u0432","message":"hello"},{"apifactory":true})
__call_async()

Previous TL trace:
['contacts.resolveUsername']
CallHandler.php(61):	methodCallAsyncRead("contacts.resolveUsername",{"username":"hitthat1231231\u0432\u0444\u044b\u0432\u0444\u044b\u0432\u0447\u0444\u044b\u0448\u0432\u043e9123\u04339\u0433\u043e\u0444\u044b\u0432\u0433\u0448\u0432\u0440\u043e\u0444\u044b\u0433\u0448\u0432"},{"msg_id":null})
PeerHandler.php(1219):	methodCallAsyncRead("contacts.resolveUsername",{"username":"hitthat1231231\u0432\u0444\u044b\u0432\u0444\u044b\u0432\u0447\u0444\u044b\u0448\u0432\u043e9123\u04339\u0433\u043e\u0444\u044b\u0432\u0433\u0448\u0432\u0440\u043e\u0444\u044b\u0433\u0448\u0432"})
PeerHandler.php(696):	resolveUsername("hitthat1231231\u0432\u0444\u044b\u0432\u0444\u044b\u0432\u0447\u0444\u044b\u0448\u0432\u043e9123\u04339\u0433\u043e\u0444\u044b\u0432\u0433\u0448\u0432\u0440\u043e\u0444\u044b\u0433\u0448\u0432")
TL.php(546):        	getInfo("hitthat1231231\u0432\u0444\u044b\u0432\u0444\u044b\u0432\u0447\u0444\u044b\u0448\u0432\u043e9123\u04339\u0433\u043e\u0444\u044b\u0432\u0433\u0448\u0432\u0440\u043e\u0444\u044b\u0433\u0448\u0432",0)
While serializing:  	messages.sendMessage['peer']
Connection.php(502):	serializeMethod("messages.sendMessage",{"peer":"@hitThat1231231\u0432\u0444\u044b\u0432\u0444\u044b\u0432\u0447\u0444\u044b\u0448\u0432\u043e9123\u04339\u0433\u043e\u0444\u044b\u0432\u0433\u0448\u0432\u0440\u043e\u0444\u044b\u0433\u0448\u0432","message":"hello"})
CallHandler.php(192):	sendMessage({},true)
CallHandler.php(99):	methodCallAsyncWrite("messages.sendMessage",{"peer":"@hitThat1231231\u0432\u0444\u044b\u0432\u0444\u044b\u0432\u0447\u0444\u044b\u0448\u0432\u043e9123\u04339\u0433\u043e\u0444\u044b\u0432\u0433\u0448\u0432\u0440\u043e\u0444\u044b\u0433\u0448\u0432","message":"hello"},{"apifactory":true,"postpone":false})
CallHandler.php(61):	methodCallAsyncRead("messages.sendMessage",{"peer":"@hitThat1231231\u0432\u0444\u044b\u0432\u0444\u044b\u0432\u0447\u0444\u044b\u0448\u0432\u043e9123\u04339\u0433\u043e\u0444\u044b\u0432\u0433\u0448\u0432\u0440\u043e\u0444\u044b\u0433\u0448\u0432","message":"hello"},{"apifactory":true})
Server.php(254):    	methodCallAsyncRead("messages.sendMessage",{"peer":"@hitThat1231231\u0432\u0444\u044b\u0432\u0444\u044b\u0432\u0447\u0444\u044b\u0448\u0432\u043e9123\u04339\u0433\u043e\u0444\u044b\u0432\u0433\u0448\u0432\u0440\u043e\u0444\u044b\u0433\u0448\u0432","message":"hello"},{"apifactory":true})
clientRequest()

Previous TL trace:
['contacts.resolveUsername']
ResponseHandler.php(194):	handleRpcError()
ResponseHandler.php(73):	handleResponse()
Driver.php(119):    	handleMessages()
Driver.php(72):     	tick()
Loop.php(95):       	run()
Tools.php(294):     	run()
entry.php(110):     	wait()
entry.php(134):     	{closure}()

Telegram returned an RPC error: The provided username is not valid (400) (USERNAME_INVALID), caused by /home/timur/www/telegram-mailing-list/vendor/danog/madelineproto/src/danog/MadelineProto/Ipc/ExitFailure.php:55


TL trace:

Client.php(249):    	__call("methodCallAsyncRead",["messages.sendMessage",{"peer":"\/\/ @hitThat","message":"hello"},{"apifactory":true}])
AbstractAPIFactory.php(195):	methodCallAsyncRead("messages.sendMessage",{"peer":"\/\/ @hitThat","message":"hello"},{"apifactory":true})
__call_async()

Previous TL trace:
['contacts.resolveUsername']
CallHandler.php(61):	methodCallAsyncRead("contacts.resolveUsername",{"username":"\/\/ hitthat"},{"msg_id":null})
PeerHandler.php(1219):	methodCallAsyncRead("contacts.resolveUsername",{"username":"\/\/ hitthat"})
PeerHandler.php(696):	resolveUsername("\/\/ hitthat")
TL.php(546):        	getInfo("\/\/ hitthat",0)
While serializing:  	messages.sendMessage['peer']
Connection.php(502):	serializeMethod("messages.sendMessage",{"peer":"\/\/ @hitThat","message":"hello"})
CallHandler.php(192):	sendMessage({},true)
CallHandler.php(99):	methodCallAsyncWrite("messages.sendMessage",{"peer":"\/\/ @hitThat","message":"hello"},{"apifactory":true,"postpone":false})
CallHandler.php(61):	methodCallAsyncRead("messages.sendMessage",{"peer":"\/\/ @hitThat","message":"hello"},{"apifactory":true})
Server.php(254):    	methodCallAsyncRead("messages.sendMessage",{"peer":"\/\/ @hitThat","message":"hello"},{"apifactory":true})
clientRequest()

Previous TL trace:
['contacts.resolveUsername']
ResponseHandler.php(194):	handleRpcError()
ResponseHandler.php(73):	handleResponse()
Driver.php(119):    	handleMessages()
Driver.php(72):     	tick()
Loop.php(95):       	run()
Tools.php(294):     	run()
entry.php(110):     	wait()
entry.php(134):     	{closure}()

Telegram returned an RPC error: The provided username is not valid (400) (USERNAME_INVALID), caused by /home/timur/www/telegram-mailing-list/vendor/danog/madelineproto/src/danog/MadelineProto/Ipc/ExitFailure.php:55


TL trace:

Client.php(249):    	__call("methodCallAsyncRead",["messages.sendMessage",{"peer":"@hitasdasdasxasdfuihwsuidasbuidhbasuydbuasbduhasbdubasydb76Thatddas","message":"hello"},{"apifactory":true}])
AbstractAPIFactory.php(195):	methodCallAsyncRead("messages.sendMessage",{"peer":"@hitasdasdasxasdfuihwsuidasbuidhbasuydbuasbduhasbdubasydb76Thatddas","message":"hello"},{"apifactory":true})
__call_async()

Previous TL trace:
['contacts.resolveUsername']
CallHandler.php(61):	methodCallAsyncRead("contacts.resolveUsername",{"username":"hitasdasdasxasdfuihwsuidasbuidhbasuydbuasbduhasbdubasydb76thatddas"},{"msg_id":null})
PeerHandler.php(1219):	methodCallAsyncRead("contacts.resolveUsername",{"username":"hitasdasdasxasdfuihwsuidasbuidhbasuydbuasbduhasbdubasydb76thatddas"})
PeerHandler.php(696):	resolveUsername("hitasdasdasxasdfuihwsuidasbuidhbasuydbuasbduhasbdubasydb76thatddas")
TL.php(546):        	getInfo("hitasdasdasxasdfuihwsuidasbuidhbasuydbuasbduhasbdubasydb76thatddas",0)
While serializing:  	messages.sendMessage['peer']
Connection.php(502):	serializeMethod("messages.sendMessage",{"peer":"@hitasdasdasxasdfuihwsuidasbuidhbasuydbuasbduhasbdubasydb76Thatddas","message":"hello"})
CallHandler.php(192):	sendMessage({},true)
CallHandler.php(99):	methodCallAsyncWrite("messages.sendMessage",{"peer":"@hitasdasdasxasdfuihwsuidasbuidhbasuydbuasbduhasbdubasydb76Thatddas","message":"hello"},{"apifactory":true,"postpone":false})
CallHandler.php(61):	methodCallAsyncRead("messages.sendMessage",{"peer":"@hitasdasdasxasdfuihwsuidasbuidhbasuydbuasbduhasbdubasydb76Thatddas","message":"hello"},{"apifactory":true})
Server.php(254):    	methodCallAsyncRead("messages.sendMessage",{"peer":"@hitasdasdasxasdfuihwsuidasbuidhbasuydbuasbduhasbdubasydb76Thatddas","message":"hello"},{"apifactory":true})
clientRequest()

Previous TL trace:
['contacts.resolveUsername']
ResponseHandler.php(194):	handleRpcError()
ResponseHandler.php(73):	handleResponse()
Driver.php(119):    	handleMessages()
Driver.php(72):     	tick()
Loop.php(95):       	run()
Tools.php(294):     	run()
entry.php(110):     	wait()
entry.php(134):     	{closure}()

Telegram returned an RPC error: The provided username is not valid (400) (USERNAME_INVALID), caused by /home/timur/www/telegram-mailing-list/vendor/danog/madelineproto/src/danog/MadelineProto/Ipc/ExitFailure.php:55


TL trace:

Client.php(249):    	__call("methodCallAsyncRead",["messages.sendMessage",{"peer":"\/\/ @hitThat","message":"hello"},{"apifactory":true}])
AbstractAPIFactory.php(195):	methodCallAsyncRead("messages.sendMessage",{"peer":"\/\/ @hitThat","message":"hello"},{"apifactory":true})
__call_async()

Previous TL trace:
['contacts.resolveUsername']
CallHandler.php(61):	methodCallAsyncRead("contacts.resolveUsername",{"username":"\/\/ hitthat"},{"msg_id":null})
PeerHandler.php(1219):	methodCallAsyncRead("contacts.resolveUsername",{"username":"\/\/ hitthat"})
PeerHandler.php(696):	resolveUsername("\/\/ hitthat")
TL.php(546):        	getInfo("\/\/ hitthat",0)
While serializing:  	messages.sendMessage['peer']
Connection.php(502):	serializeMethod("messages.sendMessage",{"peer":"\/\/ @hitThat","message":"hello"})
CallHandler.php(192):	sendMessage({},true)
CallHandler.php(99):	methodCallAsyncWrite("messages.sendMessage",{"peer":"\/\/ @hitThat","message":"hello"},{"apifactory":true,"postpone":false})
CallHandler.php(61):	methodCallAsyncRead("messages.sendMessage",{"peer":"\/\/ @hitThat","message":"hello"},{"apifactory":true})
Server.php(254):    	methodCallAsyncRead("messages.sendMessage",{"peer":"\/\/ @hitThat","message":"hello"},{"apifactory":true})
clientRequest()

Previous TL trace:
['contacts.resolveUsername']
ResponseHandler.php(194):	handleRpcError()
ResponseHandler.php(73):	handleResponse()
Driver.php(119):    	handleMessages()
Driver.php(72):     	tick()
Loop.php(95):       	run()
Tools.php(294):     	run()
entry.php(110):     	wait()
entry.php(134):     	{closure}()

Telegram returned an RPC error: The provided username is not valid (400) (USERNAME_INVALID), caused by /home/timur/www/telegram-mailing-list/vendor/danog/madelineproto/src/danog/MadelineProto/Ipc/ExitFailure.php:55


TL trace:

Client.php(249):    	__call("methodCallAsyncRead",["messages.sendMessage",{"peer":"@hitasdasdasxasdfuihwsuidasbuidhbasuydbuasbduhasbdubasydb76Thatddas","message":"hello"},{"apifactory":true}])
AbstractAPIFactory.php(195):	methodCallAsyncRead("messages.sendMessage",{"peer":"@hitasdasdasxasdfuihwsuidasbuidhbasuydbuasbduhasbdubasydb76Thatddas","message":"hello"},{"apifactory":true})
__call_async()

Previous TL trace:
['contacts.resolveUsername']
CallHandler.php(61):	methodCallAsyncRead("contacts.resolveUsername",{"username":"hitasdasdasxasdfuihwsuidasbuidhbasuydbuasbduhasbdubasydb76thatddas"},{"msg_id":null})
PeerHandler.php(1219):	methodCallAsyncRead("contacts.resolveUsername",{"username":"hitasdasdasxasdfuihwsuidasbuidhbasuydbuasbduhasbdubasydb76thatddas"})
PeerHandler.php(696):	resolveUsername("hitasdasdasxasdfuihwsuidasbuidhbasuydbuasbduhasbdubasydb76thatddas")
TL.php(546):        	getInfo("hitasdasdasxasdfuihwsuidasbuidhbasuydbuasbduhasbdubasydb76thatddas",0)
While serializing:  	messages.sendMessage['peer']
Connection.php(502):	serializeMethod("messages.sendMessage",{"peer":"@hitasdasdasxasdfuihwsuidasbuidhbasuydbuasbduhasbdubasydb76Thatddas","message":"hello"})
CallHandler.php(192):	sendMessage({},true)
CallHandler.php(99):	methodCallAsyncWrite("messages.sendMessage",{"peer":"@hitasdasdasxasdfuihwsuidasbuidhbasuydbuasbduhasbdubasydb76Thatddas","message":"hello"},{"apifactory":true,"postpone":false})
CallHandler.php(61):	methodCallAsyncRead("messages.sendMessage",{"peer":"@hitasdasdasxasdfuihwsuidasbuidhbasuydbuasbduhasbdubasydb76Thatddas","message":"hello"},{"apifactory":true})
Server.php(254):    	methodCallAsyncRead("messages.sendMessage",{"peer":"@hitasdasdasxasdfuihwsuidasbuidhbasuydbuasbduhasbdubasydb76Thatddas","message":"hello"},{"apifactory":true})
clientRequest()

Previous TL trace:
['contacts.resolveUsername']
ResponseHandler.php(194):	handleRpcError()
ResponseHandler.php(73):	handleResponse()
Driver.php(119):    	handleMessages()
Driver.php(72):     	tick()
Loop.php(95):       	run()
Tools.php(294):     	run()
entry.php(110):     	wait()
entry.php(134):     	{closure}()

Telegram returned an RPC error: The provided username is not valid (400) (USERNAME_INVALID), caused by /home/timur/www/telegram-mailing-list/vendor/danog/madelineproto/src/danog/MadelineProto/Ipc/ExitFailure.php:55


TL trace:

Client.php(249):    	__call("methodCallAsyncRead",["messages.sendMessage",{"peer":"@hitasdasdasxasdfuihwsuidasbuidhbasuydbuasbduhasbdubasydb76Thatddas","message":"hello"},{"apifactory":true}])
AbstractAPIFactory.php(195):	methodCallAsyncRead("messages.sendMessage",{"peer":"@hitasdasdasxasdfuihwsuidasbuidhbasuydbuasbduhasbdubasydb76Thatddas","message":"hello"},{"apifactory":true})
__call_async()

Previous TL trace:
['contacts.resolveUsername']
CallHandler.php(61):	methodCallAsyncRead("contacts.resolveUsername",{"username":"hitasdasdasxasdfuihwsuidasbuidhbasuydbuasbduhasbdubasydb76thatddas"},{"msg_id":null})
PeerHandler.php(1219):	methodCallAsyncRead("contacts.resolveUsername",{"username":"hitasdasdasxasdfuihwsuidasbuidhbasuydbuasbduhasbdubasydb76thatddas"})
PeerHandler.php(696):	resolveUsername("hitasdasdasxasdfuihwsuidasbuidhbasuydbuasbduhasbdubasydb76thatddas")
TL.php(546):        	getInfo("hitasdasdasxasdfuihwsuidasbuidhbasuydbuasbduhasbdubasydb76thatddas",0)
While serializing:  	messages.sendMessage['peer']
Connection.php(502):	serializeMethod("messages.sendMessage",{"peer":"@hitasdasdasxasdfuihwsuidasbuidhbasuydbuasbduhasbdubasydb76Thatddas","message":"hello"})
CallHandler.php(192):	sendMessage({},true)
CallHandler.php(99):	methodCallAsyncWrite("messages.sendMessage",{"peer":"@hitasdasdasxasdfuihwsuidasbuidhbasuydbuasbduhasbdubasydb76Thatddas","message":"hello"},{"apifactory":true,"postpone":false})
CallHandler.php(61):	methodCallAsyncRead("messages.sendMessage",{"peer":"@hitasdasdasxasdfuihwsuidasbuidhbasuydbuasbduhasbdubasydb76Thatddas","message":"hello"},{"apifactory":true})
Server.php(254):    	methodCallAsyncRead("messages.sendMessage",{"peer":"@hitasdasdasxasdfuihwsuidasbuidhbasuydbuasbduhasbdubasydb76Thatddas","message":"hello"},{"apifactory":true})
clientRequest()

Previous TL trace:
['contacts.resolveUsername']
ResponseHandler.php(194):	handleRpcError()
ResponseHandler.php(73):	handleResponse()
Driver.php(119):    	handleMessages()
Driver.php(72):     	tick()
Loop.php(95):       	run()
Tools.php(294):     	run()
entry.php(110):     	wait()
entry.php(134):     	{closure}()

